<?xml version="1.0" encoding="UTF-8"?>
<robot generator="Robot 7.1 (Python 3.12.4 on win32)" generated="2024-09-21T22:25:52.895811" rpa="false" schemaversion="5">
<suite id="s1" name="Unit Test" source="D:\SPDX\jenkins-automate-testing\unit_test.robot">
<kw name="Create Session" owner="RequestsLibrary" type="SETUP">
<msg time="2024-09-21T22:25:53.230336" level="INFO">Creating Session using : alias=my_api, url=http://127.0.0.1:5000, headers={},                     cookies={}, auth=None, timeout=None, proxies=None, verify=False,                     debug=0 </msg>
<arg>my_api</arg>
<arg>http://127.0.0.1:5000</arg>
<doc>Create Session: create a HTTP session to a server</doc>
<status status="PASS" start="2024-09-21T22:25:53.229331" elapsed="0.001005"/>
</kw>
<test id="s1-t1" name="Get Codes" line="13">
<kw name="GET">
<kw name="GET On Session" owner="RequestsLibrary">
<msg time="2024-09-21T22:25:53.235623" level="INFO">GET Request : url=http://127.0.0.1:5000/getcode 
 path_url=/getcode 
 headers={'User-Agent': 'python-requests/2.32.3', 'Accept-Encoding': 'gzip, deflate', 'Accept': '*/*', 'Connection': 'keep-alive'} 
 body=None 
 </msg>
<msg time="2024-09-21T22:25:53.236619" level="INFO">GET Response : url=http://127.0.0.1:5000/getcode 
 status=200, reason=OK 
 headers={'Server': 'Werkzeug/3.0.4 Python/3.12.4', 'Date': 'Sat, 21 Sep 2024 15:25:53 GMT', 'Content-Type': 'application/json', 'Content-Length': '27', 'Connection': 'close'} 
 body="Random number or message"
 
 </msg>
<msg time="2024-09-21T22:25:53.236619" level="INFO">${response} = &lt;Response [200]&gt;</msg>
<var>${response}</var>
<arg>my_api</arg>
<arg>${endpoint}</arg>
<arg>expected_status=anything</arg>
<doc>Sends a GET request on a previously created HTTP Session.</doc>
<status status="PASS" start="2024-09-21T22:25:53.231336" elapsed="0.005283"/>
</kw>
<return>
<value>${response}</value>
<status status="PASS" start="2024-09-21T22:25:53.236619" elapsed="0.000000"/>
</return>
<msg time="2024-09-21T22:25:53.236619" level="INFO">${response} = &lt;Response [200]&gt;</msg>
<var>${response}</var>
<arg>${GET_CODE_ENDPOINT}</arg>
<status status="PASS" start="2024-09-21T22:25:53.231336" elapsed="0.005283"/>
</kw>
<kw name="Should Be Equal As Numbers" owner="BuiltIn">
<msg time="2024-09-21T22:25:53.237600" level="INFO">Argument types are:
&lt;class 'int'&gt;
&lt;class 'str'&gt;</msg>
<arg>${response.status_code}</arg>
<arg>200</arg>
<doc>Fails if objects are unequal after converting them to real numbers.</doc>
<status status="PASS" start="2024-09-21T22:25:53.236619" elapsed="0.000981"/>
</kw>
<kw name="Should Be Equal" owner="BuiltIn">
<arg>${response.json()}</arg>
<arg>${GET_CODE_RES}</arg>
<doc>Fails if the given objects are unequal.</doc>
<status status="PASS" start="2024-09-21T22:25:53.237600" elapsed="0.001033"/>
</kw>
<kw name="Log" owner="BuiltIn">
<msg time="2024-09-21T22:25:53.238633" level="INFO">
Result: &lt;Response [200]&gt;</msg>
<arg>${\n}Result: ${response}</arg>
<arg>console=True</arg>
<doc>Logs the given message with the given level.</doc>
<status status="PASS" start="2024-09-21T22:25:53.238633" elapsed="0.000000"/>
</kw>
<doc>Test to get code.</doc>
<status status="PASS" start="2024-09-21T22:25:53.230336" elapsed="0.008297"/>
</test>
<test id="s1-t2" name="Plus Test" line="20">
<kw name="GET">
<kw name="GET On Session" owner="RequestsLibrary">
<msg time="2024-09-21T22:25:53.242291" level="INFO">GET Request : url=http://127.0.0.1:5000/plus/2/2 
 path_url=/plus/2/2 
 headers={'User-Agent': 'python-requests/2.32.3', 'Accept-Encoding': 'gzip, deflate', 'Accept': '*/*', 'Connection': 'keep-alive'} 
 body=None 
 </msg>
<msg time="2024-09-21T22:25:53.242291" level="INFO">GET Response : url=http://127.0.0.1:5000/plus/2/2 
 status=200, reason=OK 
 headers={'Server': 'Werkzeug/3.0.4 Python/3.12.4', 'Date': 'Sat, 21 Sep 2024 15:25:53 GMT', 'Content-Type': 'application/json', 'Content-Length': '2', 'Connection': 'close'} 
 body=4
 
 </msg>
<msg time="2024-09-21T22:25:53.242291" level="INFO">${response} = &lt;Response [200]&gt;</msg>
<var>${response}</var>
<arg>my_api</arg>
<arg>${endpoint}</arg>
<arg>expected_status=anything</arg>
<doc>Sends a GET request on a previously created HTTP Session.</doc>
<status status="PASS" start="2024-09-21T22:25:53.239597" elapsed="0.002694"/>
</kw>
<return>
<value>${response}</value>
<status status="PASS" start="2024-09-21T22:25:53.242291" elapsed="0.000000"/>
</return>
<msg time="2024-09-21T22:25:53.242291" level="INFO">${response} = &lt;Response [200]&gt;</msg>
<var>${response}</var>
<arg>${PLUS_ENDPOINT}/2/2</arg>
<status status="PASS" start="2024-09-21T22:25:53.239597" elapsed="0.002694"/>
</kw>
<kw name="Status Should Be" owner="RequestsLibrary">
<arg>200</arg>
<doc>Fails if response status code is different than the expected.</doc>
<status status="PASS" start="2024-09-21T22:25:53.242291" elapsed="0.000000"/>
</kw>
<kw name="Should Be Equal As Numbers" owner="BuiltIn">
<msg time="2024-09-21T22:25:53.243296" level="INFO">Argument types are:
&lt;class 'int'&gt;
&lt;class 'str'&gt;</msg>
<arg>${response.json()}</arg>
<arg>4</arg>
<doc>Fails if objects are unequal after converting them to real numbers.</doc>
<status status="PASS" start="2024-09-21T22:25:53.242291" elapsed="0.001005"/>
</kw>
<kw name="Log" owner="BuiltIn">
<msg time="2024-09-21T22:25:53.243296" level="INFO">
Result: 4</msg>
<arg>${\n}Result: ${response.json()}</arg>
<arg>console=True</arg>
<doc>Logs the given message with the given level.</doc>
<status status="PASS" start="2024-09-21T22:25:53.243296" elapsed="0.000000"/>
</kw>
<doc>Test 2 + 2 != 5.</doc>
<status status="PASS" start="2024-09-21T22:25:53.239597" elapsed="0.003699"/>
</test>
<test id="s1-t3" name="Plus Invalid Test" line="27">
<kw name="GET">
<kw name="GET On Session" owner="RequestsLibrary">
<msg time="2024-09-21T22:25:53.246296" level="INFO">GET Request : url=http://127.0.0.1:5000/plus/2/2+1 
 path_url=/plus/2/2+1 
 headers={'User-Agent': 'python-requests/2.32.3', 'Accept-Encoding': 'gzip, deflate', 'Accept': '*/*', 'Connection': 'keep-alive'} 
 body=None 
 </msg>
<msg time="2024-09-21T22:25:53.246296" level="INFO">GET Response : url=http://127.0.0.1:5000/plus/2/2+1 
 status=400, reason=BAD REQUEST 
 headers={'Server': 'Werkzeug/3.0.4 Python/3.12.4', 'Date': 'Sat, 21 Sep 2024 15:25:53 GMT', 'Content-Type': 'text/html; charset=utf-8', 'Content-Length': '139', 'Connection': 'close'} 
 body=&lt;!doctype html&gt;
&lt;html lang=en&gt;
&lt;title&gt;400 Bad Request&lt;/title&gt;
&lt;h1&gt;Bad Request&lt;/h1&gt;
&lt;p&gt;could not convert string to float: &amp;#39;2+1&amp;#39;&lt;/p&gt;
 
 </msg>
<msg time="2024-09-21T22:25:53.246296" level="INFO">${response} = &lt;Response [400]&gt;</msg>
<var>${response}</var>
<arg>my_api</arg>
<arg>${endpoint}</arg>
<arg>expected_status=anything</arg>
<doc>Sends a GET request on a previously created HTTP Session.</doc>
<status status="PASS" start="2024-09-21T22:25:53.244296" elapsed="0.002000"/>
</kw>
<return>
<value>${response}</value>
<status status="PASS" start="2024-09-21T22:25:53.246296" elapsed="0.000000"/>
</return>
<msg time="2024-09-21T22:25:53.247296" level="INFO">${response} = &lt;Response [400]&gt;</msg>
<var>${response}</var>
<arg>${PLUS_ENDPOINT}/2/2+1</arg>
<status status="PASS" start="2024-09-21T22:25:53.244296" elapsed="0.003000"/>
</kw>
<kw name="Should Be Equal As Numbers" owner="BuiltIn">
<msg time="2024-09-21T22:25:53.247296" level="INFO">Argument types are:
&lt;class 'int'&gt;
&lt;class 'str'&gt;</msg>
<arg>${response.status_code}</arg>
<arg>400</arg>
<doc>Fails if objects are unequal after converting them to real numbers.</doc>
<status status="PASS" start="2024-09-21T22:25:53.247296" elapsed="0.000000"/>
</kw>
<kw name="Log" owner="BuiltIn">
<msg time="2024-09-21T22:25:53.248295" level="INFO">
Result: &lt;Response [400]&gt;</msg>
<arg>${\n}Result: ${response}</arg>
<arg>console=True</arg>
<doc>Logs the given message with the given level.</doc>
<status status="PASS" start="2024-09-21T22:25:53.248295" elapsed="0.000000"/>
</kw>
<doc>Test 2 + 2 + 1 != 5.</doc>
<status status="PASS" start="2024-09-21T22:25:53.244296" elapsed="0.003999"/>
</test>
<kw name="Delete All Sessions" owner="RequestsLibrary" type="TEARDOWN">
<msg time="2024-09-21T22:25:53.249802" level="INFO">Deleting All Sessions</msg>
<doc>Removes all the session objects</doc>
<status status="PASS" start="2024-09-21T22:25:53.248295" elapsed="0.001599"/>
</kw>
<status status="PASS" start="2024-09-21T22:25:52.896805" elapsed="0.353089"/>
</suite>
<statistics>
<total>
<stat pass="3" fail="0" skip="0">All Tests</stat>
</total>
<tag>
</tag>
<suite>
<stat pass="3" fail="0" skip="0" id="s1" name="Unit Test">Unit Test</stat>
</suite>
</statistics>
<errors>
</errors>
</robot>
